<?xml version="1.0" encoding="utf-8" standalone="no"?>
<test-run id="2" testcasecount="2" result="Passed" total="2" passed="2" failed="0" inconclusive="0" skipped="0" asserts="2" engine-version="3.7.0.0" clr-version="4.0.30319.42000" start-time="2018-03-09 08:01:27Z" end-time="2018-03-09 08:04:44Z" duration="197.663751">
  <command-line><![CDATA[D:\streamlined\HarmonyCoreiFusion\src\test\resources\Properties\Environments\white\nunit3\nunit3-console.exe D:\streamlined\HarmonyCoreiFusion\src\test\resources\Properties\Environments\\white\Demo/NUnit.OfficeAppsTests/NUnit.OfficeAppsTests/NUnit.OfficeAppsTests.csproj --result:D:\streamlined\HarmonyCoreiFusion\src\test\resources\Properties\Environments\\white\Result.xml]]></command-line>
  <test-suite type="Assembly" id="1-1003" name="NUnit.OfficeAppsTests.dll" fullname="D:\streamlined\HarmonyCoreiFusion\src\test\resources\Properties\Environments\white\Demo\NUnit.OfficeAppsTests\NUnit.OfficeAppsTests\bin\Debug\NUnit.OfficeAppsTests.dll" runstate="Runnable" testcasecount="2" result="Passed" start-time="2018-03-09 08:01:30Z" end-time="2018-03-09 08:04:44Z" duration="194.968695" total="2" passed="2" failed="0" warnings="0" inconclusive="0" skipped="0" asserts="2">
    <environment framework-version="3.6.1.0" clr-version="4.0.30319.42000" os-version="Microsoft Windows NT 10.0.16299.0" platform="Win32NT" cwd="D:\streamlined\HarmonyCoreiFusion" machine-name="IM-LP-719" user="cpinnamaraju" user-domain="INNOMINDSHYD" culture="en-IN" uiculture="en-GB" os-architecture="x64" />
    <settings>
      <setting name="BasePath" value="D:\streamlined\HarmonyCoreiFusion\src\test\resources\Properties\Environments\white\Demo\NUnit.OfficeAppsTests\NUnit.OfficeAppsTests\bin\Debug\" />
      <setting name="DisposeRunners" value="True" />
      <setting name="WorkDirectory" value="D:\streamlined\HarmonyCoreiFusion" />
      <setting name="ImageRuntimeVersion" value="4.0.30319" />
      <setting name="ImageTargetFrameworkName" value=".NETFramework,Version=v4.6.1" />
      <setting name="ImageRequiresX86" value="False" />
      <setting name="ImageRequiresDefaultAppDomainAssemblyResolver" value="False" />
      <setting name="NumberOfTestWorkers" value="4" />
    </settings>
    <properties>
      <property name="_PID" value="12652" />
      <property name="_APPDOMAIN" value="domain-9dc30ff4-NUnit.OfficeAppsTests.csproj" />
    </properties>
    <test-suite type="TestSuite" id="1-1004" name="TestStack" fullname="TestStack" runstate="Runnable" testcasecount="2" result="Passed" start-time="2018-03-09 08:01:30Z" end-time="2018-03-09 08:04:44Z" duration="194.816945" total="2" passed="2" failed="0" warnings="0" inconclusive="0" skipped="0" asserts="2">
      <test-suite type="TestSuite" id="1-1005" name="White" fullname="TestStack.White" runstate="Runnable" testcasecount="2" result="Passed" start-time="2018-03-09 08:01:30Z" end-time="2018-03-09 08:04:44Z" duration="194.812943" total="2" passed="2" failed="0" warnings="0" inconclusive="0" skipped="0" asserts="2">
        <test-suite type="TestSuite" id="1-1006" name="UITests" fullname="TestStack.White.UITests" runstate="Runnable" testcasecount="2" result="Passed" start-time="2018-03-09 08:01:30Z" end-time="2018-03-09 08:04:44Z" duration="194.808958" total="2" passed="2" failed="0" warnings="0" inconclusive="0" skipped="0" asserts="2">
          <test-suite type="TestSuite" id="1-1007" name="Scenarios" fullname="TestStack.White.UITests.Scenarios" runstate="Runnable" testcasecount="2" result="Passed" start-time="2018-03-09 08:01:30Z" end-time="2018-03-09 08:04:44Z" duration="194.805364" total="2" passed="2" failed="0" warnings="0" inconclusive="0" skipped="0" asserts="2">
            <test-suite type="TestFixture" id="1-1000" name="WordTests" fullname="TestStack.White.UITests.Scenarios.WordTests" classname="TestStack.White.UITests.Scenarios.WordTests" runstate="Runnable" testcasecount="2" result="Passed" start-time="2018-03-09 08:01:30Z" end-time="2018-03-09 08:04:44Z" duration="194.799586" total="2" passed="2" failed="0" warnings="0" inconclusive="0" skipped="0" asserts="2">
              <test-case id="1-1002" name="ExcelSecurityTest" fullname="TestStack.White.UITests.Scenarios.WordTests.ExcelSecurityTest" methodname="ExcelSecurityTest" classname="TestStack.White.UITests.Scenarios.WordTests" runstate="Runnable" seed="580810280" result="Passed" start-time="2018-03-09 08:01:30Z" end-time="2018-03-09 08:03:17Z" duration="106.807912" asserts="1">
                <output><![CDATA[[Info - 13:31:34] 'TestStack.White.Configuration.UIItemIdAppXmlConfiguration' Using TableVerticalScrollBar=Vertical Scroll Bar for White/UIItemId
[Info - 13:31:34] 'TestStack.White.Configuration.UIItemIdAppXmlConfiguration' Using TableHorizontalScrollBar=Horizontal Scroll Bar for White/UIItemId
[Info - 13:31:34] 'TestStack.White.Configuration.UIItemIdAppXmlConfiguration' Using TableColumn=Row  for White/UIItemId
[Info - 13:31:34] 'TestStack.White.Configuration.UIItemIdAppXmlConfiguration' Using TableTopLeftHeaderCell=Top Left Header Cell for White/UIItemId
[Info - 13:31:34] 'TestStack.White.Configuration.UIItemIdAppXmlConfiguration' Using TableCellNullValue=(null) for White/UIItemId
[Info - 13:31:34] 'TestStack.White.Configuration.UIItemIdAppXmlConfiguration' Using TableHeader=Top Row for White/UIItemId
[Info - 13:31:34] 'TestStack.White.Configuration.UIItemIdAppXmlConfiguration' Using HorizontalScrollBar=Horizontal ScrollBar for White/UIItemId
[Info - 13:31:34] 'TestStack.White.Configuration.UIItemIdAppXmlConfiguration' Using VerticalScrollBar=Vertical ScrollBar for White/UIItemId
[Info - 13:31:34] 'TestStack.White.Configuration.UIItemIdAppXmlConfiguration' Using TableCellPrefix= Row  for White/UIItemId
[Info - 13:31:34] 'TestStack.White.Configuration.UIItemIdAppXmlConfiguration' Using BrowseText=Browse... for White/UIItemId
[Info - 13:31:34] 'TestStack.White.Configuration.UIItemIdAppXmlConfiguration' Using OpenFileDialogTitle=Open File for White/UIItemId
[Info - 13:31:34] 'TestStack.White.Configuration.UIItemIdAppXmlConfiguration' Using PropertyGridMiscText=Misc for White/UIItemId
[Warn - 13:31:34] 'TestStack.White.UIItems.UIItem' Window with title: Excel whose dimensions are: -8,-8,1382,744, is not contained completely on the desktop 0,0,1366,768. 
UI actions on window needing mouse would not work in area not falling under the desktop
[Warn - 13:32:25] 'TestStack.White.UIItems.UIItem' Window with title: Book1 - Excel whose dimensions are: -8,-8,1382,744, is not contained completely on the desktop 0,0,1366,768. 
UI actions on window needing mouse would not work in area not falling under the desktop
[Warn - 13:32:37] 'TestStack.White.UIItems.UIItem' Window with title: Book1 - Excel whose dimensions are: -8,-8,1382,744, is not contained completely on the desktop 0,0,1366,768. 
UI actions on window needing mouse would not work in area not falling under the desktop
[Warn - 13:32:38] 'TestStack.White.UIItems.UIItem' Window with title: Book1 - Excel whose dimensions are: -8,-8,1382,744, is not contained completely on the desktop 0,0,1366,768. 
UI actions on window needing mouse would not work in area not falling under the desktop
[Warn - 13:33:10] 'TestStack.White.UIItems.UIItem' Window with title: Book1 - Excel whose dimensions are: -8,-8,1382,744, is not contained completely on the desktop 0,0,1366,768. 
UI actions on window needing mouse would not work in area not falling under the desktop
]]></output>
              </test-case>
              <test-case id="1-1001" name="WordSecurityTest" fullname="TestStack.White.UITests.Scenarios.WordTests.WordSecurityTest" methodname="WordSecurityTest" classname="TestStack.White.UITests.Scenarios.WordTests" runstate="Runnable" seed="2124230391" result="Passed" start-time="2018-03-09 08:03:17Z" end-time="2018-03-09 08:04:44Z" duration="87.912752" asserts="1">
                <output><![CDATA[[Warn - 13:33:20] 'TestStack.White.UIItems.UIItem' Window with title: Word whose dimensions are: -8,-8,1382,744, is not contained completely on the desktop 0,0,1366,768. 
UI actions on window needing mouse would not work in area not falling under the desktop
[Warn - 13:33:56] 'TestStack.White.UIItems.UIItem' Window with title: W1520582603965.13 - Word whose dimensions are: -8,-8,1382,744, is not contained completely on the desktop 0,0,1366,768. 
UI actions on window needing mouse would not work in area not falling under the desktop
[Warn - 13:34:08] 'TestStack.White.UIItems.UIItem' Window with title: W1520582603965.13 - Word whose dimensions are: -8,-8,1382,744, is not contained completely on the desktop 0,0,1366,768. 
UI actions on window needing mouse would not work in area not falling under the desktop
[Warn - 13:34:09] 'TestStack.White.UIItems.UIItem' Window with title: W1520582603965.13 - Word whose dimensions are: -8,-8,1382,744, is not contained completely on the desktop 0,0,1366,768. 
UI actions on window needing mouse would not work in area not falling under the desktop
[Warn - 13:34:41] 'TestStack.White.UIItems.UIItem' Window with title: W1520582603965.13 - Word whose dimensions are: -8,-8,1382,744, is not contained completely on the desktop 0,0,1366,768. 
UI actions on window needing mouse would not work in area not falling under the desktop
]]></output>
              </test-case>
            </test-suite>
          </test-suite>
        </test-suite>
      </test-suite>
    </test-suite>
  </test-suite>
</test-run>