<?xml version="1.0" encoding="utf-8" standalone="no"?>
<test-run id="2" testcasecount="3" result="Failed" total="3" passed="2" failed="1" inconclusive="0" skipped="0" asserts="2" engine-version="3.7.0.0" clr-version="4.0.30319.42000" start-time="2017-10-02 09:27:22Z" end-time="2017-10-02 09:31:47Z" duration="264.403149">
  <command-line><![CDATA[D:\streamlined\HarmonyCore\src\test\resources\Properties\Environments\white\nunit3\nunit3-console.exe D:\streamlined\HarmonyCore\src\test\resources\Properties\Environments\\white\Demo/NUnit.OfficeAppsTests/NUnit.OfficeAppsTests/NUnit.OfficeAppsTests.csproj --result:D:\streamlined\HarmonyCore\src\test\resources\Properties\Environments\\white\Result.xml]]></command-line>
  <test-suite type="Assembly" id="1-1004" name="NUnit.OfficeAppsTests.dll" fullname="D:\streamlined\HarmonyCore\src\test\resources\Properties\Environments\white\Demo\NUnit.OfficeAppsTests\NUnit.OfficeAppsTests\bin\Debug\NUnit.OfficeAppsTests.dll" runstate="Runnable" testcasecount="3" result="Failed" site="Child" start-time="2017-10-02 09:27:24Z" end-time="2017-10-02 09:31:47Z" duration="262.135562" total="3" passed="2" failed="1" warnings="0" inconclusive="0" skipped="0" asserts="2">
    <environment framework-version="3.6.1.0" clr-version="4.0.30319.42000" os-version="Microsoft Windows NT 10.0.10240.0" platform="Win32NT" cwd="D:\streamlined\HarmonyCore" machine-name="IM-LP-719" user="cpinnamaraju" user-domain="INNOMINDSHYD" culture="en-IN" uiculture="en-GB" os-architecture="x64" />
    <settings>
      <setting name="BasePath" value="D:\streamlined\HarmonyCore\src\test\resources\Properties\Environments\white\Demo\NUnit.OfficeAppsTests\NUnit.OfficeAppsTests\bin\Debug\" />
      <setting name="DisposeRunners" value="True" />
      <setting name="WorkDirectory" value="D:\streamlined\HarmonyCore" />
      <setting name="ImageRuntimeVersion" value="4.0.30319" />
      <setting name="ImageTargetFrameworkName" value=".NETFramework,Version=v4.6.1" />
      <setting name="ImageRequiresX86" value="False" />
      <setting name="ImageRequiresDefaultAppDomainAssemblyResolver" value="False" />
      <setting name="NumberOfTestWorkers" value="4" />
    </settings>
    <properties>
      <property name="_PID" value="5400" />
      <property name="_APPDOMAIN" value="domain-9dc30ff4-NUnit.OfficeAppsTests.csproj" />
    </properties>
    <failure>
      <message><![CDATA[One or more child tests had errors]]></message>
    </failure>
    <test-suite type="TestSuite" id="1-1005" name="TestStack" fullname="TestStack" runstate="Runnable" testcasecount="3" result="Failed" site="Child" start-time="2017-10-02 09:27:24Z" end-time="2017-10-02 09:31:47Z" duration="262.100608" total="3" passed="2" failed="1" warnings="0" inconclusive="0" skipped="0" asserts="2">
      <failure>
        <message><![CDATA[One or more child tests had errors]]></message>
      </failure>
      <test-suite type="TestSuite" id="1-1006" name="White" fullname="TestStack.White" runstate="Runnable" testcasecount="3" result="Failed" site="Child" start-time="2017-10-02 09:27:24Z" end-time="2017-10-02 09:31:47Z" duration="262.096632" total="3" passed="2" failed="1" warnings="0" inconclusive="0" skipped="0" asserts="2">
        <failure>
          <message><![CDATA[One or more child tests had errors]]></message>
        </failure>
        <test-suite type="TestSuite" id="1-1007" name="UITests" fullname="TestStack.White.UITests" runstate="Runnable" testcasecount="3" result="Failed" site="Child" start-time="2017-10-02 09:27:24Z" end-time="2017-10-02 09:31:47Z" duration="262.092877" total="3" passed="2" failed="1" warnings="0" inconclusive="0" skipped="0" asserts="2">
          <failure>
            <message><![CDATA[One or more child tests had errors]]></message>
          </failure>
          <test-suite type="TestSuite" id="1-1008" name="Scenarios" fullname="TestStack.White.UITests.Scenarios" runstate="Runnable" testcasecount="3" result="Failed" site="Child" start-time="2017-10-02 09:27:24Z" end-time="2017-10-02 09:31:47Z" duration="262.088628" total="3" passed="2" failed="1" warnings="0" inconclusive="0" skipped="0" asserts="2">
            <failure>
              <message><![CDATA[One or more child tests had errors]]></message>
            </failure>
            <test-suite type="TestFixture" id="1-1000" name="WordTests" fullname="TestStack.White.UITests.Scenarios.WordTests" classname="TestStack.White.UITests.Scenarios.WordTests" runstate="Runnable" testcasecount="3" result="Failed" site="Child" start-time="2017-10-02 09:27:24Z" end-time="2017-10-02 09:31:47Z" duration="262.082604" total="3" passed="2" failed="1" warnings="0" inconclusive="0" skipped="0" asserts="2">
              <failure>
                <message><![CDATA[One or more child tests had errors]]></message>
              </failure>
              <test-case id="1-1002" name="ExcelSecurityTest" fullname="TestStack.White.UITests.Scenarios.WordTests.ExcelSecurityTest" methodname="ExcelSecurityTest" classname="TestStack.White.UITests.Scenarios.WordTests" runstate="Runnable" seed="283758689" result="Passed" start-time="2017-10-02 09:27:24Z" end-time="2017-10-02 09:29:47Z" duration="143.016337" asserts="1">
                <output><![CDATA[[Info - 14:57:27] 'TestStack.White.Configuration.UIItemIdAppXmlConfiguration' Using TableVerticalScrollBar=Vertical Scroll Bar for White/UIItemId
[Info - 14:57:27] 'TestStack.White.Configuration.UIItemIdAppXmlConfiguration' Using TableHorizontalScrollBar=Horizontal Scroll Bar for White/UIItemId
[Info - 14:57:27] 'TestStack.White.Configuration.UIItemIdAppXmlConfiguration' Using TableColumn=Row  for White/UIItemId
[Info - 14:57:27] 'TestStack.White.Configuration.UIItemIdAppXmlConfiguration' Using TableTopLeftHeaderCell=Top Left Header Cell for White/UIItemId
[Info - 14:57:27] 'TestStack.White.Configuration.UIItemIdAppXmlConfiguration' Using TableCellNullValue=(null) for White/UIItemId
[Info - 14:57:27] 'TestStack.White.Configuration.UIItemIdAppXmlConfiguration' Using TableHeader=Top Row for White/UIItemId
[Info - 14:57:27] 'TestStack.White.Configuration.UIItemIdAppXmlConfiguration' Using HorizontalScrollBar=Horizontal ScrollBar for White/UIItemId
[Info - 14:57:27] 'TestStack.White.Configuration.UIItemIdAppXmlConfiguration' Using VerticalScrollBar=Vertical ScrollBar for White/UIItemId
[Info - 14:57:27] 'TestStack.White.Configuration.UIItemIdAppXmlConfiguration' Using TableCellPrefix= Row  for White/UIItemId
[Info - 14:57:27] 'TestStack.White.Configuration.UIItemIdAppXmlConfiguration' Using BrowseText=Browse... for White/UIItemId
[Info - 14:57:27] 'TestStack.White.Configuration.UIItemIdAppXmlConfiguration' Using OpenFileDialogTitle=Open File for White/UIItemId
[Info - 14:57:27] 'TestStack.White.Configuration.UIItemIdAppXmlConfiguration' Using PropertyGridMiscText=Misc for White/UIItemId
[Warn - 14:57:28] 'TestStack.White.UIItems.UIItem' Window with title: Excel whose dimensions are: -8,-8,1382,744, is not contained completely on the desktop 0,0,1366,768. 
UI actions on window needing mouse would not work in area not falling under the desktop
[Warn - 14:59:23] 'TestStack.White.UIItems.UIItem' Window with title: Excel whose dimensions are: -8,-8,1382,744, is not contained completely on the desktop 0,0,1366,768. 
UI actions on window needing mouse would not work in area not falling under the desktop
[Warn - 14:59:39] 'TestStack.White.UIItems.UIItem' Window with title: Excel whose dimensions are: -8,-8,1382,744, is not contained completely on the desktop 0,0,1366,768. 
UI actions on window needing mouse would not work in area not falling under the desktop
[Warn - 14:59:40] 'TestStack.White.UIItems.UIItem' Window with title: Excel whose dimensions are: -8,-8,1382,744, is not contained completely on the desktop 0,0,1366,768. 
UI actions on window needing mouse would not work in area not falling under the desktop
[Warn - 14:59:45] 'TestStack.White.UIItems.UIItem' Window with title: Excel whose dimensions are: -8,-8,1382,744, is not contained completely on the desktop 0,0,1366,768. 
UI actions on window needing mouse would not work in area not falling under the desktop
]]></output>
              </test-case>
              <test-case id="1-1003" name="OneNoteSecurityTest" fullname="TestStack.White.UITests.Scenarios.WordTests.OneNoteSecurityTest" methodname="OneNoteSecurityTest" classname="TestStack.White.UITests.Scenarios.WordTests" runstate="Runnable" seed="964848891" result="Failed" label="Error" start-time="2017-10-02 09:29:47Z" end-time="2017-10-02 09:30:19Z" duration="31.136536" asserts="0">
                <failure>
                  <message><![CDATA[TestStack.White.AutomationException : Couldn't find window with title OneNote: one place for all of your notes - OneNote in process 13236, after waiting for 30 seconds]]></message>
                  <stack-trace><![CDATA[   at TestStack.White.Factory.ChildWindowFactory.WaitTillFound(Func`1 find, String message)
   at TestStack.White.Factory.WindowFactory.CreateWindow(String title, Process process, InitializeOption option, WindowSession windowSession)
   at TestStack.White.Application.GetWindow(String title, InitializeOption option)
   at TestStack.White.Application.GetWindow(String title)
   at TestStack.White.UITests.Scenarios.WordTests.CreateNotes(String wtitle, String testname, Boolean flag) in D:\Microsoft\Demo\NUnit.OfficeAppsTests\NUnit.OfficeAppsTests\OfficeAppsTests.cs:line 266
   at TestStack.White.UITests.Scenarios.WordTests.OneNoteSecurityTest() in D:\Microsoft\Demo\NUnit.OfficeAppsTests\NUnit.OfficeAppsTests\OfficeAppsTests.cs:line 240]]></stack-trace>
                </failure>
              </test-case>
              <test-case id="1-1001" name="WordSecurityTest" fullname="TestStack.White.UITests.Scenarios.WordTests.WordSecurityTest" methodname="WordSecurityTest" classname="TestStack.White.UITests.Scenarios.WordTests" runstate="Runnable" seed="1143069232" result="Passed" start-time="2017-10-02 09:30:19Z" end-time="2017-10-02 09:31:47Z" duration="87.831074" asserts="1">
                <output><![CDATA[[Warn - 15:00:21] 'TestStack.White.UIItems.UIItem' Window with title: Word whose dimensions are: -8,-8,1382,744, is not contained completely on the desktop 0,0,1366,768. 
UI actions on window needing mouse would not work in area not falling under the desktop
[Warn - 15:01:23] 'TestStack.White.UIItems.UIItem' Window with title: Word whose dimensions are: -8,-8,1382,744, is not contained completely on the desktop 0,0,1366,768. 
UI actions on window needing mouse would not work in area not falling under the desktop
[Warn - 15:01:38] 'TestStack.White.UIItems.UIItem' Window with title: Word whose dimensions are: -8,-8,1382,744, is not contained completely on the desktop 0,0,1366,768. 
UI actions on window needing mouse would not work in area not falling under the desktop
[Warn - 15:01:40] 'TestStack.White.UIItems.UIItem' Window with title: Word whose dimensions are: -8,-8,1382,744, is not contained completely on the desktop 0,0,1366,768. 
UI actions on window needing mouse would not work in area not falling under the desktop
[Warn - 15:01:45] 'TestStack.White.UIItems.UIItem' Window with title: Word whose dimensions are: -8,-8,1382,744, is not contained completely on the desktop 0,0,1366,768. 
UI actions on window needing mouse would not work in area not falling under the desktop
]]></output>
              </test-case>
            </test-suite>
          </test-suite>
        </test-suite>
      </test-suite>
    </test-suite>
  </test-suite>
</test-run>