<?xml version="1.0" encoding="UTF-8"?>
<!-- Generated by org.testng.reporters.JUnitXMLReporter -->
<testsuite hostname="IM-PC-102" ignored="0" name="IFusion API Automation Tests" tests="2" failures="1" timestamp="18 Jul 2018 07:02:49 GMT" time="21.69" errors="0">
  <testcase name="@AfterMethod takeScreenShot" time="0.0" classname="com.innominds.team.driverinit.DriverManager">
    <failure type="java.lang.AssertionError" message="Test case failed due to exception null expected [true] but found [false]">
      <![CDATA[java.lang.AssertionError: Test case failed due to exception null expected [true] but found [false]
	at com.innominds.team.driverinit.DriverManager.takeScreenShot(DriverManager.java:382)
	at java.util.concurrent.FutureTask.run(FutureTask.java:266)
	at java.util.concurrent.ThreadPoolExecutor.runWorker(ThreadPoolExecutor.java:1149)
	at java.util.concurrent.ThreadPoolExecutor$Worker.run(ThreadPoolExecutor.java:624)
	at java.lang.Thread.run(Thread.java:748)
... Removed 21 stack frames]]>
    </failure>
  </testcase> <!-- @AfterMethod takeScreenShot -->
  <testcase name="@AfterMethod takeScreenShot" time="0.0" classname="com.innominds.team.driverinit.DriverManager">
    <skipped/>
  </testcase> <!-- @AfterMethod takeScreenShot -->
  <testcase name="dsnDataWithAPIGet" time="21.611" classname="com.web.tests.apiTestCases.ifusion.RestApiTests">
    <failure type="java.lang.AssertionError" message="out put does not conatin dsn_name&amp;quot;:&amp;quot;hive_dsn_testConnection timed out: connect expected [true] but found [false]">
      <![CDATA[java.lang.AssertionError: out put does not conatin dsn_name":"hive_dsn_testConnection timed out: connect expected [true] but found [false]
	at com.web.tests.apiTestCases.ifusion.RestApiTests.dsnDataWithAPIGet(RestApiTests.java:67)
	at java.util.concurrent.FutureTask.run(FutureTask.java:266)
	at java.util.concurrent.ThreadPoolExecutor.runWorker(ThreadPoolExecutor.java:1149)
	at java.util.concurrent.ThreadPoolExecutor$Worker.run(ThreadPoolExecutor.java:624)
	at java.lang.Thread.run(Thread.java:748)
... Removed 19 stack frames]]>
    </failure>
  </testcase> <!-- dsnDataWithAPIGet -->
  <testcase name="loginTestWithAPIPost" time="0.002" classname="com.web.tests.apiTestCases.ifusion.RestApiTests">
    <skipped/>
  </testcase> <!-- loginTestWithAPIPost -->
</testsuite> <!-- IFusion API Automation Tests -->
