<?xml version="1.0" encoding="UTF-8"?>
<testng-results skipped="0" failed="0" ignored="0" total="2" passed="2">
  <reporter-output>
  </reporter-output>
  <suite name="Default suite" duration-ms="6142" started-at="2018-09-28T11:13:18Z" finished-at="2018-09-28T11:13:25Z">
    <groups>
    </groups>
    <test name="Default test" duration-ms="6142" started-at="2018-09-28T11:13:18Z" finished-at="2018-09-28T11:13:25Z">
      <class name="com.web.tests.unfi.LogsDemo">
        <test-method status="PASS" signature="init()[pri:0, instance:com.web.tests.unfi.LogsDemo@5b239d7d]" name="init" is-config="true" duration-ms="5469" started-at="2018-09-28T16:43:18Z" finished-at="2018-09-28T16:43:24Z">
          <reporter-output>
          </reporter-output>
        </test-method> <!-- init -->
        <test-method status="PASS" signature="TestGoogle()[pri:1, instance:com.web.tests.unfi.LogsDemo@5b239d7d]" name="TestGoogle" duration-ms="6" started-at="2018-09-28T16:43:24Z" finished-at="2018-09-28T16:43:24Z">
          <reporter-output>
          </reporter-output>
        </test-method> <!-- TestGoogle -->
        <test-method status="PASS" signature="takeScreenShot(org.testng.ITestResult)[pri:0, instance:com.web.tests.unfi.LogsDemo@5b239d7d]" name="takeScreenShot" is-config="true" duration-ms="1" started-at="2018-09-28T16:43:24Z" finished-at="2018-09-28T16:43:24Z">
          <params>
            <param index="0">
              <value>
                <![CDATA[[TestResult name=TestGoogle status=SUCCESS method=LogsDemo.TestGoogle()[pri:1, instance:com.web.tests.unfi.LogsDemo@5b239d7d] output={null}]]]>
              </value>
            </param>
          </params>
          <reporter-output>
          </reporter-output>
        </test-method> <!-- takeScreenShot -->
        <test-method status="PASS" signature="SearchItemInLog()[pri:2, instance:com.web.tests.unfi.LogsDemo@5b239d7d]" name="SearchItemInLog" duration-ms="8" started-at="2018-09-28T16:43:24Z" finished-at="2018-09-28T16:43:24Z">
          <reporter-output>
          </reporter-output>
        </test-method> <!-- SearchItemInLog -->
        <test-method status="PASS" signature="takeScreenShot(org.testng.ITestResult)[pri:0, instance:com.web.tests.unfi.LogsDemo@5b239d7d]" name="takeScreenShot" is-config="true" duration-ms="0" started-at="2018-09-28T16:43:24Z" finished-at="2018-09-28T16:43:24Z">
          <params>
            <param index="0">
              <value>
                <![CDATA[[TestResult name=SearchItemInLog status=SUCCESS method=LogsDemo.SearchItemInLog()[pri:2, instance:com.web.tests.unfi.LogsDemo@5b239d7d] output={null}]]]>
              </value>
            </param>
          </params>
          <reporter-output>
          </reporter-output>
        </test-method> <!-- takeScreenShot -->
        <test-method status="PASS" signature="tearDown()[pri:0, instance:com.web.tests.unfi.LogsDemo@5b239d7d]" name="tearDown" is-config="true" duration-ms="628" started-at="2018-09-28T16:43:24Z" finished-at="2018-09-28T16:43:25Z">
          <reporter-output>
          </reporter-output>
        </test-method> <!-- tearDown -->
      </class> <!-- com.web.tests.unfi.LogsDemo -->
    </test> <!-- Default test -->
  </suite> <!-- Default suite -->
</testng-results>
